  id_1008.cpp
f:\学习\软件工程\pku_oj\pku_oj\pku_oj\id_1008.cpp(17): error C2679: 二进制“>>”: 没有找到接受“const char [2]”类型的右操作数的运算符(或没有可接受的转换)
  e:\vs2017\vc\tools\msvc\14.10.25017\include\istream(475): note: 可能是“std::basic_istream<char,std::char_traits<char>> &std::basic_istream<char,std::char_traits<char>>::operator >>(std::basic_streambuf<char,std::char_traits<char>> *)”
  e:\vs2017\vc\tools\msvc\14.10.25017\include\istream(456): note: 或    “std::basic_istream<char,std::char_traits<char>> &std::basic_istream<char,std::char_traits<char>>::operator >>(void *&)”
  e:\vs2017\vc\tools\msvc\14.10.25017\include\istream(438): note: 或    “std::basic_istream<char,std::char_traits<char>> &std::basic_istream<char,std::char_traits<char>>::operator >>(long double &)”
  e:\vs2017\vc\tools\msvc\14.10.25017\include\istream(420): note: 或    “std::basic_istream<char,std::char_traits<char>> &std::basic_istream<char,std::char_traits<char>>::operator >>(double &)”
  e:\vs2017\vc\tools\msvc\14.10.25017\include\istream(401): note: 或    “std::basic_istream<char,std::char_traits<char>> &std::basic_istream<char,std::char_traits<char>>::operator >>(float &)”
  e:\vs2017\vc\tools\msvc\14.10.25017\include\istream(383): note: 或    “std::basic_istream<char,std::char_traits<char>> &std::basic_istream<char,std::char_traits<char>>::operator >>(unsigned __int64 &)”
  e:\vs2017\vc\tools\msvc\14.10.25017\include\istream(364): note: 或    “std::basic_istream<char,std::char_traits<char>> &std::basic_istream<char,std::char_traits<char>>::operator >>(__int64 &)”
  e:\vs2017\vc\tools\msvc\14.10.25017\include\istream(345): note: 或    “std::basic_istream<char,std::char_traits<char>> &std::basic_istream<char,std::char_traits<char>>::operator >>(unsigned long &)”
  e:\vs2017\vc\tools\msvc\14.10.25017\include\istream(327): note: 或    “std::basic_istream<char,std::char_traits<char>> &std::basic_istream<char,std::char_traits<char>>::operator >>(long &)”
  e:\vs2017\vc\tools\msvc\14.10.25017\include\istream(309): note: 或    “std::basic_istream<char,std::char_traits<char>> &std::basic_istream<char,std::char_traits<char>>::operator >>(unsigned int &)”
  e:\vs2017\vc\tools\msvc\14.10.25017\include\istream(283): note: 或    “std::basic_istream<char,std::char_traits<char>> &std::basic_istream<char,std::char_traits<char>>::operator >>(int &)”
  e:\vs2017\vc\tools\msvc\14.10.25017\include\istream(264): note: 或    “std::basic_istream<char,std::char_traits<char>> &std::basic_istream<char,std::char_traits<char>>::operator >>(unsigned short &)”
  e:\vs2017\vc\tools\msvc\14.10.25017\include\istream(229): note: 或    “std::basic_istream<char,std::char_traits<char>> &std::basic_istream<char,std::char_traits<char>>::operator >>(short &)”
  e:\vs2017\vc\tools\msvc\14.10.25017\include\istream(210): note: 或    “std::basic_istream<char,std::char_traits<char>> &std::basic_istream<char,std::char_traits<char>>::operator >>(bool &)”
  e:\vs2017\vc\tools\msvc\14.10.25017\include\istream(204): note: 或    “std::basic_istream<char,std::char_traits<char>> &std::basic_istream<char,std::char_traits<char>>::operator >>(std::ios_base &(__cdecl *)(std::ios_base &))”
  e:\vs2017\vc\tools\msvc\14.10.25017\include\istream(198): note: 或    “std::basic_istream<char,std::char_traits<char>> &std::basic_istream<char,std::char_traits<char>>::operator >>(std::basic_ios<char,std::char_traits<char>> &(__cdecl *)(std::basic_ios<char,std::char_traits<char>> &))”
  e:\vs2017\vc\tools\msvc\14.10.25017\include\istream(193): note: 或    “std::basic_istream<char,std::char_traits<char>> &std::basic_istream<char,std::char_traits<char>>::operator >>(std::basic_istream<char,std::char_traits<char>> &(__cdecl *)(std::basic_istream<char,std::char_traits<char>> &))”
  e:\vs2017\vc\tools\msvc\14.10.25017\include\istream(1092): note: 或    “std::basic_istream<char,std::char_traits<char>> &std::operator >><char,std::char_traits<char>,const char(&)[2]>(std::basic_istream<char,std::char_traits<char>> &&,_Ty)”
          with
          [
              _Ty=const char (&)[2]
          ]
  e:\vs2017\vc\tools\msvc\14.10.25017\include\istream(1082): note: 或    “std::basic_istream<char,std::char_traits<char>> &std::operator >><std::char_traits<char>>(std::basic_istream<char,std::char_traits<char>> &,unsigned char &)”
  e:\vs2017\vc\tools\msvc\14.10.25017\include\istream(1075): note: 或    “std::basic_istream<char,std::char_traits<char>> &std::operator >><std::char_traits<char>>(std::basic_istream<char,std::char_traits<char>> &,unsigned char *)”
  e:\vs2017\vc\tools\msvc\14.10.25017\include\istream(1068): note: 或    “std::basic_istream<char,std::char_traits<char>> &std::operator >><std::char_traits<char>>(std::basic_istream<char,std::char_traits<char>> &,signed char &)”
  e:\vs2017\vc\tools\msvc\14.10.25017\include\istream(1061): note: 或    “std::basic_istream<char,std::char_traits<char>> &std::operator >><std::char_traits<char>>(std::basic_istream<char,std::char_traits<char>> &,signed char *)”
  f:\学习\软件工程\pku_oj\pku_oj\pku_oj\id_1008.cpp(17): note: 尝试匹配参数列表“(std::basic_istream<char,std::char_traits<char>>, const char [2])”时
